<?xml version="1.0" encoding="UTF-8"?>
<!-- Generated by org.testng.reporters.JUnitXMLReporter -->
<testsuite ignored="0" hostname="LAPTOP-6ON8NI36" failures="0" tests="3" name="Surefire test" time="0.074" errors="0" timestamp="2026-01-02T15:18:52 IST">
  <testcase classname="githubpractise.GitHubPractiseTest" name="gitHubPractiseTest" time="0.009"/>
  <testcase classname="jenkinspractise.JenkinsPractiseTest" name="jenkinsHubPractiseTest" time="0.001"/>
  <testcase classname="mavenpractise.MavenPractiseTest" name="mavenHubPractiseTest" time="0.002"/>
</testsuite> <!-- Surefire test -->
