<?xml version="1.0" encoding="UTF-8"?>
<!-- Generated by org.testng.reporters.JUnitXMLReporter -->
<testsuite ignored="0" hostname="LAPTOP-6ON8NI36" failures="0" tests="3" name="Test" time="0.073" errors="0" timestamp="2025-12-31T18:16:00 IST">
  <testcase classname="jenkinspractise.JenkinsPractiseTest" name="jenkinsHubPractiseTest" time="0.008"/>
  <testcase classname="githubpractise.GitHubPractiseTest" name="gitHubPractiseTest" time="0.0"/>
  <testcase classname="mavenpractise.MavenPractiseTest" name="mavenHubPractiseTest" time="0.0"/>
</testsuite> <!-- Test -->
