<?xml version="1.0" encoding="UTF-8"?>
<testng-results ignored="0" total="3" passed="3" failed="0" skipped="0">
  <reporter-output>
  </reporter-output>
  <suite started-at="2026-01-02T15:18:51 IST" name="Surefire suite" finished-at="2026-01-02T15:18:51 IST" duration-ms="74">
    <groups>
    </groups>
    <test started-at="2026-01-02T15:18:51 IST" name="Surefire test" finished-at="2026-01-02T15:18:51 IST" duration-ms="74">
      <class name="jenkinspractise.JenkinsPractiseTest">
        <test-method signature="jenkinsHubPractiseTest()[pri:0, instance:jenkinspractise.JenkinsPractiseTest@6b26e945]" started-at="2026-01-02T15:18:51 IST" name="jenkinsHubPractiseTest" finished-at="2026-01-02T15:18:51 IST" duration-ms="1" status="PASS">
          <reporter-output>
          </reporter-output>
        </test-method> <!-- jenkinsHubPractiseTest -->
      </class> <!-- jenkinspractise.JenkinsPractiseTest -->
      <class name="mavenpractise.MavenPractiseTest">
        <test-method signature="mavenHubPractiseTest()[pri:0, instance:mavenpractise.MavenPractiseTest@63a65a25]" started-at="2026-01-02T15:18:51 IST" name="mavenHubPractiseTest" finished-at="2026-01-02T15:18:51 IST" duration-ms="2" status="PASS">
          <reporter-output>
          </reporter-output>
        </test-method> <!-- mavenHubPractiseTest -->
      </class> <!-- mavenpractise.MavenPractiseTest -->
      <class name="githubpractise.GitHubPractiseTest">
        <test-method signature="gitHubPractiseTest()[pri:0, instance:githubpractise.GitHubPractiseTest@7a4ccb53]" started-at="2026-01-02T15:18:51 IST" name="gitHubPractiseTest" finished-at="2026-01-02T15:18:51 IST" duration-ms="9" status="PASS">
          <reporter-output>
          </reporter-output>
        </test-method> <!-- gitHubPractiseTest -->
      </class> <!-- githubpractise.GitHubPractiseTest -->
    </test> <!-- Surefire test -->
  </suite> <!-- Surefire suite -->
</testng-results>
