<?xml version="1.0" encoding="UTF-8"?>
<testng-results ignored="0" total="1" passed="1" failed="0" skipped="0">
  <reporter-output>
  </reporter-output>
  <suite started-at="2026-01-02T15:17:54 IST" name="Default suite" finished-at="2026-01-02T15:17:54 IST" duration-ms="65">
    <groups>
    </groups>
    <test started-at="2026-01-02T15:17:54 IST" name="Default test" finished-at="2026-01-02T15:17:54 IST" duration-ms="65">
      <class name="githubpractise.GitHubPractiseTest">
        <test-method signature="gitHubPractiseTest()[pri:0, instance:githubpractise.GitHubPractiseTest@313ac989]" started-at="2026-01-02T15:17:54 IST" name="gitHubPractiseTest" finished-at="2026-01-02T15:17:54 IST" duration-ms="14" status="PASS">
          <reporter-output>
          </reporter-output>
        </test-method> <!-- gitHubPractiseTest -->
      </class> <!-- githubpractise.GitHubPractiseTest -->
    </test> <!-- Default test -->
  </suite> <!-- Default suite -->
</testng-results>
